<?xml version="1.0" encoding="UTF-8"?>
<testng-results total="1" passed="1" failed="0" skipped="0">
  <reporter-output>
  </reporter-output>
  <suite started-at="2019-09-10T10:43:17Z" name="Default suite" finished-at="2019-09-10T10:44:22Z" duration-ms="65009">
    <groups>
    </groups>
    <test started-at="2019-09-10T10:43:17Z" name="Default test" finished-at="2019-09-10T10:44:22Z" duration-ms="65009">
      <class name="com.zoopla.tests.SalesTest">
        <test-method is-config="true" signature="setUp()[pri:0, instance:com.zoopla.tests.SalesTest@400cff1a]" started-at="2019-09-10T16:13:17Z" name="setUp" finished-at="2019-09-10T16:13:48Z" duration-ms="30846" status="PASS">
          <reporter-output>
          </reporter-output>
        </test-method> <!-- setUp -->
        <test-method signature="printAllPriceValues()[pri:0, instance:com.zoopla.tests.SalesTest@400cff1a]" started-at="2019-09-10T16:13:48Z" name="printAllPriceValues" description="Printing raw prices" finished-at="2019-09-10T16:14:21Z" duration-ms="33040" status="PASS">
          <reporter-output>
          </reporter-output>
        </test-method> <!-- printAllPriceValues -->
        <test-method is-config="true" signature="tearDown()[pri:0, instance:com.zoopla.tests.SalesTest@400cff1a]" started-at="2019-09-10T16:14:21Z" name="tearDown" finished-at="2019-09-10T16:14:22Z" duration-ms="1094" status="PASS">
          <reporter-output>
          </reporter-output>
        </test-method> <!-- tearDown -->
      </class> <!-- com.zoopla.tests.SalesTest -->
    </test> <!-- Default test -->
  </suite> <!-- Default suite -->
</testng-results>
